<?xml version="1.0" encoding="UTF-8"?>
<!-- Generated by org.testng.reporters.JUnitReportReporter -->
<testsuite hostname="MithranHarshen" failures="0" tests="8" name="com.steffy.Let_Code" time="10.816" errors="0" timestamp="2025-03-22T20:13:41 EDT" skipped="0">
  <testcase classname="com.steffy.Let_Code" name="browser_Launch" time="2.548"/>
  <testcase classname="com.steffy.Let_Code" name="Get_Url" time="1.099"/>
  <testcase classname="com.steffy.Let_Code" name="signUp" time="0.205"/>
  <testcase classname="com.steffy.Let_Code" name="Login" time="1.451"/>
  <testcase classname="com.steffy.Let_Code" name="mens" time="4.223"/>
  <testcase classname="com.steffy.Let_Code" name="bangles" time="1.121"/>
  <testcase classname="com.steffy.Let_Code" name="LogOut" time="0.130"/>
  <testcase classname="com.steffy.Let_Code" name="title" time="0.039"/>
</testsuite> <!-- com.steffy.Let_Code -->
